2024-07-09 13:28:40.119 -03:00 [INF] ****************************************
2024-07-09 13:28:40.148 -03:00 [INF] *    Aplicação iniciada com sucesso!   *
2024-07-09 13:28:40.148 -03:00 [INF] ****************************************
2024-07-09 13:28:40.191 -03:00 [INF] User profile is available. Using 'C:\Users\User\AppData\Local\ASP.NET\DataProtection-Keys' as key repository and Windows DPAPI to encrypt keys at rest.
2024-07-09 13:28:40.225 -03:00 [INF] Application started. Press Ctrl+C to shut down.
2024-07-09 13:28:40.225 -03:00 [INF] Hosting environment: Development
2024-07-09 13:28:40.226 -03:00 [INF] Content root path: C:\Users\User\OneDrive\Desktop\SmallTalks\Smalltalks
2024-07-09 13:28:40.233 -03:00 [INF] Request starting HTTP/2 GET https://localhost:44392/swagger/index.html - null null
2024-07-09 13:28:40.273 -03:00 [INF] ApiKeyScheme was not authenticated. Failure message: API key is missing
2024-07-09 13:28:40.320 -03:00 [INF] Request starting HTTP/2 GET https://localhost:44392/_framework/aspnetcore-browser-refresh.js - null null
2024-07-09 13:28:40.320 -03:00 [INF] Request starting HTTP/2 GET https://localhost:44392/_vs/browserLink - null null
2024-07-09 13:28:40.319 -03:00 [INF] Request finished HTTP/2 GET https://localhost:44392/swagger/index.html - 200 null text/html;charset=utf-8 86.1804ms
2024-07-09 13:28:40.322 -03:00 [INF] Request finished HTTP/2 GET https://localhost:44392/_framework/aspnetcore-browser-refresh.js - 200 13756 application/javascript; charset=utf-8 1.602ms
2024-07-09 13:28:40.335 -03:00 [INF] Request finished HTTP/2 GET https://localhost:44392/_vs/browserLink - 200 null text/javascript; charset=UTF-8 14.7672ms
2024-07-09 13:28:40.354 -03:00 [INF] Request starting HTTP/2 GET https://localhost:44392/swagger/v1/swagger.json - null null
2024-07-09 13:28:40.354 -03:00 [INF] ApiKeyScheme was not authenticated. Failure message: API key is missing
2024-07-09 13:28:40.402 -03:00 [INF] Request finished HTTP/2 GET https://localhost:44392/swagger/v1/swagger.json - 200 null application/json;charset=utf-8 48.1578ms
2024-07-09 13:28:47.775 -03:00 [INF] Request starting HTTP/2 GET https://localhost:44392/swagger/index.html - null null
2024-07-09 13:28:47.778 -03:00 [INF] ApiKeyScheme was not authenticated. Failure message: API key is missing
2024-07-09 13:28:47.779 -03:00 [INF] Request finished HTTP/2 GET https://localhost:44392/swagger/index.html - 200 null text/html;charset=utf-8 3.8398ms
2024-07-09 13:28:47.783 -03:00 [INF] Request starting HTTP/2 GET https://localhost:44392/_vs/browserLink - null null
2024-07-09 13:28:47.783 -03:00 [INF] Request starting HTTP/2 GET https://localhost:44392/_framework/aspnetcore-browser-refresh.js - null null
2024-07-09 13:28:47.784 -03:00 [INF] Request finished HTTP/2 GET https://localhost:44392/_framework/aspnetcore-browser-refresh.js - 200 13756 application/javascript; charset=utf-8 0.4506ms
2024-07-09 13:28:47.790 -03:00 [INF] Request finished HTTP/2 GET https://localhost:44392/_vs/browserLink - 200 null text/javascript; charset=UTF-8 6.3994ms
2024-07-09 13:28:47.815 -03:00 [INF] Request starting HTTP/2 GET https://localhost:44392/swagger/v1/swagger.json - null null
2024-07-09 13:28:47.815 -03:00 [INF] ApiKeyScheme was not authenticated. Failure message: API key is missing
2024-07-09 13:28:47.819 -03:00 [INF] Request finished HTTP/2 GET https://localhost:44392/swagger/v1/swagger.json - 200 null application/json;charset=utf-8 4.3403ms
2024-07-09 13:29:14.025 -03:00 [INF] ****************************************
2024-07-09 13:29:14.047 -03:00 [INF] *    Aplicação iniciada com sucesso!   *
2024-07-09 13:29:14.047 -03:00 [INF] ****************************************
2024-07-09 13:29:14.131 -03:00 [INF] User profile is available. Using 'C:\Users\User\AppData\Local\ASP.NET\DataProtection-Keys' as key repository and Windows DPAPI to encrypt keys at rest.
2024-07-09 13:29:14.210 -03:00 [INF] Application started. Press Ctrl+C to shut down.
2024-07-09 13:29:14.213 -03:00 [INF] Hosting environment: Development
2024-07-09 13:29:14.213 -03:00 [INF] Content root path: C:\Users\User\OneDrive\Desktop\SmallTalks\Smalltalks
2024-07-09 13:29:14.232 -03:00 [INF] Request starting HTTP/2 GET https://localhost:44392/swagger/index.html - null null
2024-07-09 13:29:14.305 -03:00 [INF] ApiKeyScheme was not authenticated. Failure message: API key is missing
2024-07-09 13:29:14.364 -03:00 [INF] Request starting HTTP/2 GET https://localhost:44392/_framework/aspnetcore-browser-refresh.js - null null
2024-07-09 13:29:14.364 -03:00 [INF] Request finished HTTP/2 GET https://localhost:44392/swagger/index.html - 200 null text/html;charset=utf-8 134.0818ms
2024-07-09 13:29:14.367 -03:00 [INF] Request finished HTTP/2 GET https://localhost:44392/_framework/aspnetcore-browser-refresh.js - 200 13756 application/javascript; charset=utf-8 2.38ms
2024-07-09 13:29:14.376 -03:00 [INF] Request starting HTTP/2 GET https://localhost:44392/_vs/browserLink - null null
2024-07-09 13:29:14.399 -03:00 [INF] Request finished HTTP/2 GET https://localhost:44392/_vs/browserLink - 200 null text/javascript; charset=UTF-8 23.1598ms
2024-07-09 13:29:14.427 -03:00 [INF] Request starting HTTP/2 GET https://localhost:44392/swagger/v1/swagger.json - null null
2024-07-09 13:29:14.428 -03:00 [INF] ApiKeyScheme was not authenticated. Failure message: API key is missing
2024-07-09 13:29:14.480 -03:00 [INF] Request finished HTTP/2 GET https://localhost:44392/swagger/v1/swagger.json - 200 null application/json;charset=utf-8 53.0208ms
2024-07-09 13:29:53.459 -03:00 [INF] ****************************************
2024-07-09 13:29:53.493 -03:00 [INF] *    Aplicação iniciada com sucesso!   *
2024-07-09 13:29:53.494 -03:00 [INF] ****************************************
2024-07-09 13:29:53.598 -03:00 [INF] User profile is available. Using 'C:\Users\User\AppData\Local\ASP.NET\DataProtection-Keys' as key repository and Windows DPAPI to encrypt keys at rest.
2024-07-09 13:29:53.729 -03:00 [INF] Now listening on: https://localhost:7157
2024-07-09 13:29:53.730 -03:00 [INF] Now listening on: http://localhost:5110
2024-07-09 13:29:53.732 -03:00 [INF] Application started. Press Ctrl+C to shut down.
2024-07-09 13:29:53.733 -03:00 [INF] Hosting environment: Development
2024-07-09 13:29:53.734 -03:00 [INF] Content root path: C:\Users\User\OneDrive\Desktop\SmallTalks\Smalltalks
2024-07-09 13:29:54.198 -03:00 [INF] Request starting HTTP/2 GET https://localhost:7157/swagger - null null
2024-07-09 13:29:54.272 -03:00 [INF] ApiKeyScheme was not authenticated. Failure message: API key is missing
2024-07-09 13:29:54.286 -03:00 [INF] Request finished HTTP/2 GET https://localhost:7157/swagger - 301 0 null 90.3153ms
2024-07-09 13:29:54.291 -03:00 [INF] Request starting HTTP/2 GET https://localhost:7157/swagger/index.html - null null
2024-07-09 13:29:54.302 -03:00 [INF] ApiKeyScheme was not authenticated. Failure message: API key is missing
2024-07-09 13:29:54.350 -03:00 [INF] Request finished HTTP/2 GET https://localhost:7157/swagger/index.html - 200 null text/html;charset=utf-8 59.3485ms
2024-07-09 13:29:54.353 -03:00 [INF] Request starting HTTP/2 GET https://localhost:7157/swagger/swagger-ui-bundle.js - null null
2024-07-09 13:29:54.354 -03:00 [INF] Request starting HTTP/2 GET https://localhost:7157/_framework/aspnetcore-browser-refresh.js - null null
2024-07-09 13:29:54.353 -03:00 [INF] Request starting HTTP/2 GET https://localhost:7157/swagger/swagger-ui-standalone-preset.js - null null
2024-07-09 13:29:54.362 -03:00 [INF] ApiKeyScheme was not authenticated. Failure message: API key is missing
2024-07-09 13:29:54.364 -03:00 [INF] ApiKeyScheme was not authenticated. Failure message: API key is missing
2024-07-09 13:29:54.353 -03:00 [INF] Request starting HTTP/2 GET https://localhost:7157/swagger/swagger-ui.css - null null
2024-07-09 13:29:54.354 -03:00 [INF] Request starting HTTP/2 GET https://localhost:7157/_vs/browserLink - null null
2024-07-09 13:29:54.371 -03:00 [INF] Request finished HTTP/2 GET https://localhost:7157/_framework/aspnetcore-browser-refresh.js - 200 13756 application/javascript; charset=utf-8 16.8695ms
2024-07-09 13:29:54.373 -03:00 [INF] ApiKeyScheme was not authenticated. Failure message: API key is missing
2024-07-09 13:29:54.402 -03:00 [INF] Sending file. Request path: '/swagger-ui-standalone-preset.js'. Physical path: 'N/A'
2024-07-09 13:29:54.402 -03:00 [INF] Sending file. Request path: '/swagger-ui.css'. Physical path: 'N/A'
2024-07-09 13:29:54.407 -03:00 [INF] Request finished HTTP/2 GET https://localhost:7157/swagger/swagger-ui-standalone-preset.js - 200 312163 text/javascript 53.1547ms
2024-07-09 13:29:54.407 -03:00 [INF] Request finished HTTP/2 GET https://localhost:7157/swagger/swagger-ui.css - 200 144929 text/css 53.3204ms
2024-07-09 13:29:54.407 -03:00 [INF] Sending file. Request path: '/swagger-ui-bundle.js'. Physical path: 'N/A'
2024-07-09 13:29:54.412 -03:00 [INF] Request finished HTTP/2 GET https://localhost:7157/swagger/swagger-ui-bundle.js - 200 1061536 text/javascript 59.103ms
2024-07-09 13:29:54.422 -03:00 [INF] Request finished HTTP/2 GET https://localhost:7157/_vs/browserLink - 200 null text/javascript; charset=UTF-8 68.5142ms
2024-07-09 13:29:54.515 -03:00 [INF] Request starting HTTP/2 GET https://localhost:7157/swagger/v1/swagger.json - null null
2024-07-09 13:29:54.516 -03:00 [INF] ApiKeyScheme was not authenticated. Failure message: API key is missing
2024-07-09 13:29:54.529 -03:00 [INF] Request starting HTTP/2 GET https://localhost:7157/swagger/favicon-32x32.png - null null
2024-07-09 13:29:54.531 -03:00 [INF] ApiKeyScheme was not authenticated. Failure message: API key is missing
2024-07-09 13:29:54.533 -03:00 [INF] Sending file. Request path: '/favicon-32x32.png'. Physical path: 'N/A'
2024-07-09 13:29:54.535 -03:00 [INF] Request finished HTTP/2 GET https://localhost:7157/swagger/favicon-32x32.png - 200 628 image/png 6.4992ms
2024-07-09 13:29:54.588 -03:00 [INF] Request finished HTTP/2 GET https://localhost:7157/swagger/v1/swagger.json - 200 null application/json;charset=utf-8 73.9183ms
2024-07-09 13:30:08.958 -03:00 [INF] Request starting HTTP/2 GET https://localhost:7157/api/Salutation - null null
2024-07-09 13:30:08.967 -03:00 [INF] Handling request: GET /api/Salutation
2024-07-09 13:30:08.969 -03:00 [INF] Executing endpoint 'Smalltalks.Controllers.SalutationController.GetAll (Smalltalks)'
2024-07-09 13:30:08.979 -03:00 [INF] Route matched with {action = "GetAll", controller = "Salutation"}. Executing controller action with signature System.Threading.Tasks.Task`1[Microsoft.AspNetCore.Mvc.ActionResult`1[System.Collections.Generic.List`1[Smalltalks.Models.SalutationModel]]] GetAll() on controller Smalltalks.Controllers.SalutationController (Smalltalks).
2024-07-09 13:30:09.021 -03:00 [WRN] 'AddEntityFramework*' was called on the service provider, but 'UseInternalServiceProvider' wasn't called in the DbContext options configuration. Consider removing the 'AddEntityFramework*' call, as in most cases it's not needed and may cause conflicts with other products and services registered in the same service provider.
2024-07-09 13:30:11.759 -03:00 [INF] Executed DbCommand (40ms) [Parameters=[], CommandType='"Text"', CommandTimeout='30']
SELECT s."Id", s."Name"
FROM "Salutations" AS s
2024-07-09 13:30:11.814 -03:00 [INF] Executing OkObjectResult, writing value of type 'System.Collections.Generic.List`1[[Smalltalks.Models.SalutationModel, Smalltalks, Version=1.0.0.0, Culture=neutral, PublicKeyToken=null]]'.
2024-07-09 13:30:11.822 -03:00 [INF] Executed action Smalltalks.Controllers.SalutationController.GetAll (Smalltalks) in 2839.7449ms
2024-07-09 13:30:11.823 -03:00 [INF] Executed endpoint 'Smalltalks.Controllers.SalutationController.GetAll (Smalltalks)'
2024-07-09 13:30:11.824 -03:00 [INF] Finished handling request.
2024-07-09 13:30:11.828 -03:00 [INF] Request finished HTTP/2 GET https://localhost:7157/api/Salutation - 200 null application/json; charset=utf-8 2870.6519ms
2024-07-09 13:30:35.827 -03:00 [INF] Request starting HTTP/2 GET https://localhost:7157/api/Swearing - null null
2024-07-09 13:30:35.835 -03:00 [INF] Handling request: GET /api/Swearing
2024-07-09 13:30:35.836 -03:00 [INF] Executing endpoint 'Smalltalks.Controllers.SwearingController.GetAll (Smalltalks)'
2024-07-09 13:30:35.838 -03:00 [INF] Route matched with {action = "GetAll", controller = "Swearing"}. Executing controller action with signature System.Threading.Tasks.Task`1[Microsoft.AspNetCore.Mvc.ActionResult`1[System.Collections.Generic.List`1[Smalltalks.Models.SwearingModel]]] GetAll() on controller Smalltalks.Controllers.SwearingController (Smalltalks).
2024-07-09 13:30:35.882 -03:00 [INF] Executed DbCommand (32ms) [Parameters=[], CommandType='"Text"', CommandTimeout='30']
SELECT s."Id", s."Name"
FROM "Swearings" AS s
2024-07-09 13:30:35.887 -03:00 [INF] Executing OkObjectResult, writing value of type 'System.Collections.Generic.List`1[[Smalltalks.Models.SwearingModel, Smalltalks, Version=1.0.0.0, Culture=neutral, PublicKeyToken=null]]'.
2024-07-09 13:30:35.888 -03:00 [INF] Executed action Smalltalks.Controllers.SwearingController.GetAll (Smalltalks) in 48.5945ms
2024-07-09 13:30:35.889 -03:00 [INF] Executed endpoint 'Smalltalks.Controllers.SwearingController.GetAll (Smalltalks)'
2024-07-09 13:30:35.890 -03:00 [INF] Finished handling request.
2024-07-09 13:30:35.890 -03:00 [INF] Request finished HTTP/2 GET https://localhost:7157/api/Swearing - 200 null application/json; charset=utf-8 63.3364ms
2024-07-09 13:30:38.224 -03:00 [INF] Request starting HTTP/2 GET https://localhost:7157/api/Swearing - null null
2024-07-09 13:30:38.226 -03:00 [INF] Handling request: GET /api/Swearing
2024-07-09 13:30:38.227 -03:00 [INF] Executing endpoint 'Smalltalks.Controllers.SwearingController.GetAll (Smalltalks)'
2024-07-09 13:30:38.227 -03:00 [INF] Route matched with {action = "GetAll", controller = "Swearing"}. Executing controller action with signature System.Threading.Tasks.Task`1[Microsoft.AspNetCore.Mvc.ActionResult`1[System.Collections.Generic.List`1[Smalltalks.Models.SwearingModel]]] GetAll() on controller Smalltalks.Controllers.SwearingController (Smalltalks).
2024-07-09 13:30:38.289 -03:00 [INF] Executed DbCommand (30ms) [Parameters=[], CommandType='"Text"', CommandTimeout='30']
SELECT s."Id", s."Name"
FROM "Swearings" AS s
2024-07-09 13:30:38.291 -03:00 [INF] Executing OkObjectResult, writing value of type 'System.Collections.Generic.List`1[[Smalltalks.Models.SwearingModel, Smalltalks, Version=1.0.0.0, Culture=neutral, PublicKeyToken=null]]'.
2024-07-09 13:30:38.292 -03:00 [INF] Executed action Smalltalks.Controllers.SwearingController.GetAll (Smalltalks) in 63.162ms
2024-07-09 13:30:38.292 -03:00 [INF] Executed endpoint 'Smalltalks.Controllers.SwearingController.GetAll (Smalltalks)'
2024-07-09 13:30:38.293 -03:00 [INF] Finished handling request.
2024-07-09 13:30:38.294 -03:00 [INF] Request finished HTTP/2 GET https://localhost:7157/api/Swearing - 200 null application/json; charset=utf-8 70.3768ms
2024-07-09 13:38:36.776 -03:00 [INF] ****************************************
2024-07-09 13:38:36.803 -03:00 [INF] *    Aplicação iniciada com sucesso!   *
2024-07-09 13:38:36.804 -03:00 [INF] ****************************************
2024-07-09 13:38:36.837 -03:00 [WRN] 'AddEntityFramework*' was called on the service provider, but 'UseInternalServiceProvider' wasn't called in the DbContext options configuration. Consider removing the 'AddEntityFramework*' call, as in most cases it's not needed and may cause conflicts with other products and services registered in the same service provider.
2024-07-09 13:38:37.666 -03:00 [INF] Executed DbCommand (51ms) [Parameters=[], CommandType='"Text"', CommandTimeout='30']
SELECT EXISTS (
    SELECT 1 FROM pg_catalog.pg_class c
    JOIN pg_catalog.pg_namespace n ON n.oid=c.relnamespace
    WHERE n.nspname='public' AND
          c.relname='__EFMigrationsHistory'
)
2024-07-09 13:38:37.706 -03:00 [INF] Executed DbCommand (30ms) [Parameters=[], CommandType='"Text"', CommandTimeout='30']
SELECT "MigrationId", "ProductVersion"
FROM "__EFMigrationsHistory"
ORDER BY "MigrationId";
2024-07-09 13:38:37.928 -03:00 [INF] Executed DbCommand (29ms) [Parameters=[], CommandType='"Text"', CommandTimeout='30']
SELECT EXISTS (
    SELECT 1 FROM pg_catalog.pg_class c
    JOIN pg_catalog.pg_namespace n ON n.oid=c.relnamespace
    WHERE n.nspname='public' AND
          c.relname='__EFMigrationsHistory'
)
2024-07-09 13:38:38.131 -03:00 [INF] Executed DbCommand (28ms) [Parameters=[], CommandType='"Text"', CommandTimeout='30']
SELECT EXISTS (
    SELECT 1 FROM pg_catalog.pg_class c
    JOIN pg_catalog.pg_namespace n ON n.oid=c.relnamespace
    WHERE n.nspname='public' AND
          c.relname='__EFMigrationsHistory'
)
2024-07-09 13:38:38.159 -03:00 [INF] Executed DbCommand (27ms) [Parameters=[], CommandType='"Text"', CommandTimeout='30']
SELECT "MigrationId", "ProductVersion"
FROM "__EFMigrationsHistory"
ORDER BY "MigrationId";
2024-07-09 13:38:38.166 -03:00 [INF] No migrations were applied. The database is already up to date.
2024-07-09 13:38:38.205 -03:00 [INF] User profile is available. Using 'C:\Users\User\AppData\Local\ASP.NET\DataProtection-Keys' as key repository and Windows DPAPI to encrypt keys at rest.
2024-07-09 13:38:38.255 -03:00 [INF] Now listening on: https://localhost:7157
2024-07-09 13:38:38.255 -03:00 [INF] Now listening on: http://localhost:5110
2024-07-09 13:38:38.256 -03:00 [INF] Application started. Press Ctrl+C to shut down.
2024-07-09 13:38:38.257 -03:00 [INF] Hosting environment: Development
2024-07-09 13:38:38.258 -03:00 [INF] Content root path: C:\Users\User\OneDrive\Desktop\SmallTalks\Smalltalks
2024-07-09 13:38:38.622 -03:00 [INF] Request starting HTTP/2 GET https://localhost:7157/swagger/index.html - null null
2024-07-09 13:38:38.666 -03:00 [INF] ApiKeyScheme was not authenticated. Failure message: API key is missing
2024-07-09 13:38:38.711 -03:00 [INF] Request finished HTTP/2 GET https://localhost:7157/swagger/index.html - 200 null text/html;charset=utf-8 89.793ms
2024-07-09 13:38:38.713 -03:00 [INF] Request starting HTTP/2 GET https://localhost:7157/_framework/aspnetcore-browser-refresh.js - null null
2024-07-09 13:38:38.713 -03:00 [INF] Request starting HTTP/2 GET https://localhost:7157/_vs/browserLink - null null
2024-07-09 13:38:38.717 -03:00 [INF] Request finished HTTP/2 GET https://localhost:7157/_framework/aspnetcore-browser-refresh.js - 200 13756 application/javascript; charset=utf-8 4.2817ms
2024-07-09 13:38:38.730 -03:00 [INF] Request finished HTTP/2 GET https://localhost:7157/_vs/browserLink - 200 null text/javascript; charset=UTF-8 16.9225ms
2024-07-09 13:38:38.838 -03:00 [INF] Request starting HTTP/2 GET https://localhost:7157/swagger/v1/swagger.json - null null
2024-07-09 13:38:38.840 -03:00 [INF] ApiKeyScheme was not authenticated. Failure message: API key is missing
2024-07-09 13:38:38.881 -03:00 [INF] Request finished HTTP/2 GET https://localhost:7157/swagger/v1/swagger.json - 200 null application/json;charset=utf-8 43.7246ms
