2024-07-05 14:54:17.389 -03:00 [INF] ****************************************
2024-07-05 14:54:17.417 -03:00 [INF] *    Aplicação iniciada com sucesso!   *
2024-07-05 14:54:17.417 -03:00 [INF] ****************************************
2024-07-05 14:54:17.671 -03:00 [INF] User profile is available. Using 'C:\Users\User\AppData\Local\ASP.NET\DataProtection-Keys' as key repository and Windows DPAPI to encrypt keys at rest.
2024-07-05 14:54:17.911 -03:00 [INF] Now listening on: http://localhost:5110
2024-07-05 14:54:17.913 -03:00 [INF] Application started. Press Ctrl+C to shut down.
2024-07-05 14:54:17.913 -03:00 [INF] Hosting environment: Development
2024-07-05 14:54:17.914 -03:00 [INF] Content root path: C:\Users\User\OneDrive\Desktop\SmallTalks\Smalltalks
2024-07-05 14:54:18.151 -03:00 [INF] Request starting HTTP/1.1 GET http://localhost:5110/swagger/index.html - null null
2024-07-05 14:54:18.270 -03:00 [INF] ApiKeyScheme was not authenticated. Failure message: API key is missing
2024-07-05 14:54:18.341 -03:00 [INF] Request finished HTTP/1.1 GET http://localhost:5110/swagger/index.html - 200 null text/html;charset=utf-8 191.3119ms
2024-07-05 14:54:18.345 -03:00 [INF] Request starting HTTP/1.1 GET http://localhost:5110/_framework/aspnetcore-browser-refresh.js - null null
2024-07-05 14:54:18.345 -03:00 [INF] Request starting HTTP/1.1 GET http://localhost:5110/_vs/browserLink - null null
2024-07-05 14:54:18.349 -03:00 [INF] Request finished HTTP/1.1 GET http://localhost:5110/_framework/aspnetcore-browser-refresh.js - 200 13756 application/javascript; charset=utf-8 3.2058ms
2024-07-05 14:54:18.364 -03:00 [INF] Request finished HTTP/1.1 GET http://localhost:5110/_vs/browserLink - 200 null text/javascript; charset=UTF-8 18.8681ms
2024-07-05 14:54:18.469 -03:00 [INF] Request starting HTTP/1.1 GET http://localhost:5110/swagger/v1/swagger.json - null null
2024-07-05 14:54:18.471 -03:00 [INF] ApiKeyScheme was not authenticated. Failure message: API key is missing
2024-07-05 14:54:18.526 -03:00 [INF] Request finished HTTP/1.1 GET http://localhost:5110/swagger/v1/swagger.json - 200 null application/json;charset=utf-8 57.6923ms
2024-07-05 14:55:30.381 -03:00 [INF] Request starting HTTP/1.1 POST http://localhost:5110/api/Verification/oi - null 0
2024-07-05 14:55:30.385 -03:00 [INF] ApiKeyScheme was not authenticated. Failure message: API key is missing
2024-07-05 14:55:30.387 -03:00 [WRN] Failed to determine the https port for redirect.
2024-07-05 14:55:30.389 -03:00 [INF] Handling request: POST /api/Verification/oi
2024-07-05 14:55:30.390 -03:00 [INF] No CORS policy found for the specified request.
2024-07-05 14:55:30.391 -03:00 [INF] Executing endpoint 'Smalltalks.Controllers.VerificationController.VerificationSmallTalks (Smalltalks)'
2024-07-05 14:55:30.406 -03:00 [INF] Route matched with {action = "VerificationSmallTalks", controller = "Verification"}. Executing controller action with signature System.Threading.Tasks.Task`1[Microsoft.AspNetCore.Mvc.ActionResult`1[System.String]] VerificationSmallTalks(System.String) on controller Smalltalks.Controllers.VerificationController (Smalltalks).
2024-07-05 14:55:30.417 -03:00 [INF] Executing OkObjectResult, writing value of type 'System.String'.
2024-07-05 14:55:30.420 -03:00 [INF] Executed action Smalltalks.Controllers.VerificationController.VerificationSmallTalks (Smalltalks) in 11.4188ms
2024-07-05 14:55:30.421 -03:00 [INF] Executed endpoint 'Smalltalks.Controllers.VerificationController.VerificationSmallTalks (Smalltalks)'
2024-07-05 14:55:30.422 -03:00 [INF] Finished handling request.
2024-07-05 14:55:30.422 -03:00 [INF] Request finished HTTP/1.1 POST http://localhost:5110/api/Verification/oi - 200 null text/plain; charset=utf-8 41.3195ms
2024-07-05 14:57:29.549 -03:00 [INF] Request starting HTTP/1.1 GET http://localhost:5110/api/Salutation - null null
2024-07-05 14:57:29.551 -03:00 [INF] ApiKeyScheme was not authenticated. Failure message: API key is missing
2024-07-05 14:57:29.554 -03:00 [INF] Authorization failed. These requirements were not met:
DenyAnonymousAuthorizationRequirement: Requires an authenticated user.
2024-07-05 14:57:29.555 -03:00 [INF] AuthenticationScheme: ApiKeyScheme was challenged.
2024-07-05 14:57:29.556 -03:00 [INF] Request finished HTTP/1.1 GET http://localhost:5110/api/Salutation - 401 0 null 6.8535ms
2024-07-05 15:34:10.904 -03:00 [INF] Application is shutting down...
