2024-07-09 12:12:36.615 -03:00 [WRN] 'AddEntityFramework*' was called on the service provider, but 'UseInternalServiceProvider' wasn't called in the DbContext options configuration. Consider removing the 'AddEntityFramework*' call, as in most cases it's not needed and may cause conflicts with other products and services registered in the same service provider.
2024-07-09 12:15:12.615 -03:00 [WRN] 'AddEntityFramework*' was called on the service provider, but 'UseInternalServiceProvider' wasn't called in the DbContext options configuration. Consider removing the 'AddEntityFramework*' call, as in most cases it's not needed and may cause conflicts with other products and services registered in the same service provider.
2024-07-09 12:26:09.631 -03:00 [WRN] 'AddEntityFramework*' was called on the service provider, but 'UseInternalServiceProvider' wasn't called in the DbContext options configuration. Consider removing the 'AddEntityFramework*' call, as in most cases it's not needed and may cause conflicts with other products and services registered in the same service provider.
2024-07-09 12:26:24.989 -03:00 [WRN] 'AddEntityFramework*' was called on the service provider, but 'UseInternalServiceProvider' wasn't called in the DbContext options configuration. Consider removing the 'AddEntityFramework*' call, as in most cases it's not needed and may cause conflicts with other products and services registered in the same service provider.
2024-07-09 12:29:47.042 -03:00 [WRN] 'AddEntityFramework*' was called on the service provider, but 'UseInternalServiceProvider' wasn't called in the DbContext options configuration. Consider removing the 'AddEntityFramework*' call, as in most cases it's not needed and may cause conflicts with other products and services registered in the same service provider.
2024-07-09 12:30:00.946 -03:00 [WRN] 'AddEntityFramework*' was called on the service provider, but 'UseInternalServiceProvider' wasn't called in the DbContext options configuration. Consider removing the 'AddEntityFramework*' call, as in most cases it's not needed and may cause conflicts with other products and services registered in the same service provider.
2024-07-09 12:31:44.356 -03:00 [WRN] 'AddEntityFramework*' was called on the service provider, but 'UseInternalServiceProvider' wasn't called in the DbContext options configuration. Consider removing the 'AddEntityFramework*' call, as in most cases it's not needed and may cause conflicts with other products and services registered in the same service provider.
2024-07-09 12:33:06.678 -03:00 [WRN] 'AddEntityFramework*' was called on the service provider, but 'UseInternalServiceProvider' wasn't called in the DbContext options configuration. Consider removing the 'AddEntityFramework*' call, as in most cases it's not needed and may cause conflicts with other products and services registered in the same service provider.
2024-07-09 12:35:10.288 -03:00 [WRN] 'AddEntityFramework*' was called on the service provider, but 'UseInternalServiceProvider' wasn't called in the DbContext options configuration. Consider removing the 'AddEntityFramework*' call, as in most cases it's not needed and may cause conflicts with other products and services registered in the same service provider.
2024-07-09 12:35:11.098 -03:00 [INF] Executed DbCommand (51ms) [Parameters=[], CommandType='"Text"', CommandTimeout='30']
SELECT EXISTS (
    SELECT 1 FROM pg_catalog.pg_class c
    JOIN pg_catalog.pg_namespace n ON n.oid=c.relnamespace
    WHERE n.nspname='public' AND
          c.relname='__EFMigrationsHistory'
)
2024-07-09 12:35:11.311 -03:00 [INF] Executed DbCommand (30ms) [Parameters=[], CommandType='"Text"', CommandTimeout='30']
SELECT EXISTS (
    SELECT 1 FROM pg_catalog.pg_class c
    JOIN pg_catalog.pg_namespace n ON n.oid=c.relnamespace
    WHERE n.nspname='public' AND
          c.relname='__EFMigrationsHistory'
)
2024-07-09 12:35:11.558 -03:00 [INF] Executed DbCommand (44ms) [Parameters=[], CommandType='"Text"', CommandTimeout='30']
CREATE TABLE "__EFMigrationsHistory" (
    "MigrationId" character varying(150) NOT NULL,
    "ProductVersion" character varying(32) NOT NULL,
    CONSTRAINT "PK___EFMigrationsHistory" PRIMARY KEY ("MigrationId")
);
2024-07-09 12:35:11.781 -03:00 [INF] Executed DbCommand (29ms) [Parameters=[], CommandType='"Text"', CommandTimeout='30']
SELECT EXISTS (
    SELECT 1 FROM pg_catalog.pg_class c
    JOIN pg_catalog.pg_namespace n ON n.oid=c.relnamespace
    WHERE n.nspname='public' AND
          c.relname='__EFMigrationsHistory'
)
2024-07-09 12:35:11.811 -03:00 [INF] Executed DbCommand (28ms) [Parameters=[], CommandType='"Text"', CommandTimeout='30']
SELECT "MigrationId", "ProductVersion"
FROM "__EFMigrationsHistory"
ORDER BY "MigrationId";
2024-07-09 12:35:11.821 -03:00 [INF] Applying migration '20240414192212_InitialDB'.
2024-07-09 12:35:11.863 -03:00 [INF] Executed DbCommand (33ms) [Parameters=[], CommandType='"Text"', CommandTimeout='30']
CREATE TABLE "Salutations" (
    "Id" bigint GENERATED BY DEFAULT AS IDENTITY,
    "Name" character varying(128) NOT NULL,
    CONSTRAINT "PK_Salutations" PRIMARY KEY ("Id")
);
2024-07-09 12:35:11.894 -03:00 [INF] Executed DbCommand (31ms) [Parameters=[], CommandType='"Text"', CommandTimeout='30']
CREATE TABLE "Swearings" (
    "Id" bigint GENERATED BY DEFAULT AS IDENTITY,
    "Name" character varying(128) NOT NULL,
    CONSTRAINT "PK_Swearings" PRIMARY KEY ("Id")
);
2024-07-09 12:35:11.927 -03:00 [INF] Executed DbCommand (32ms) [Parameters=[], CommandType='"Text"', CommandTimeout='30']
CREATE TABLE "ToThanks" (
    "Id" bigint GENERATED BY DEFAULT AS IDENTITY,
    "Name" character varying(128) NOT NULL,
    CONSTRAINT "PK_ToThanks" PRIMARY KEY ("Id")
);
2024-07-09 12:35:11.954 -03:00 [INF] Executed DbCommand (28ms) [Parameters=[], CommandType='"Text"', CommandTimeout='30']
INSERT INTO "__EFMigrationsHistory" ("MigrationId", "ProductVersion")
VALUES ('20240414192212_InitialDB', '8.0.4');
2024-07-09 12:35:11.987 -03:00 [INF] Applying migration '20240709152625_InitialDB2'.
2024-07-09 12:35:12.027 -03:00 [INF] Executed DbCommand (32ms) [Parameters=[], CommandType='"Text"', CommandTimeout='30']
INSERT INTO "Salutations" ("Id", "Name")
VALUES (1, 'Bom dia');
INSERT INTO "Salutations" ("Id", "Name")
VALUES (2, 'Boa tarde');
INSERT INTO "Salutations" ("Id", "Name")
VALUES (3, 'Boa noite');
2024-07-09 12:35:12.057 -03:00 [INF] Executed DbCommand (30ms) [Parameters=[], CommandType='"Text"', CommandTimeout='30']
INSERT INTO "Swearings" ("Id", "Name")
VALUES (1, 'Caralho');
INSERT INTO "Swearings" ("Id", "Name")
VALUES (2, 'Cacete');
INSERT INTO "Swearings" ("Id", "Name")
VALUES (3, 'Puta');
2024-07-09 12:35:14.441 -03:00 [INF] Executed DbCommand (2,384ms) [Parameters=[], CommandType='"Text"', CommandTimeout='30']
INSERT INTO "ToThanks" ("Id", "Name")
VALUES (1, 'Obrigado');
INSERT INTO "ToThanks" ("Id", "Name")
VALUES (2, 'Agradecido');
INSERT INTO "ToThanks" ("Id", "Name")
VALUES (3, 'Agradeço');
2024-07-09 12:35:14.468 -03:00 [INF] Executed DbCommand (27ms) [Parameters=[], CommandType='"Text"', CommandTimeout='30']
SELECT setval(
    pg_get_serial_sequence('"Salutations"', 'Id'),
    GREATEST(
        (SELECT MAX("Id") FROM "Salutations") + 1,
        nextval(pg_get_serial_sequence('"Salutations"', 'Id'))),
    false);
SELECT setval(
    pg_get_serial_sequence('"Swearings"', 'Id'),
    GREATEST(
        (SELECT MAX("Id") FROM "Swearings") + 1,
        nextval(pg_get_serial_sequence('"Swearings"', 'Id'))),
    false);
SELECT setval(
    pg_get_serial_sequence('"ToThanks"', 'Id'),
    GREATEST(
        (SELECT MAX("Id") FROM "ToThanks") + 1,
        nextval(pg_get_serial_sequence('"ToThanks"', 'Id'))),
    false);
2024-07-09 12:35:14.495 -03:00 [INF] Executed DbCommand (27ms) [Parameters=[], CommandType='"Text"', CommandTimeout='30']
INSERT INTO "__EFMigrationsHistory" ("MigrationId", "ProductVersion")
VALUES ('20240709152625_InitialDB2', '8.0.4');
2024-07-09 12:35:46.865 -03:00 [INF] ****************************************
2024-07-09 12:35:46.891 -03:00 [INF] *    Aplicação iniciada com sucesso!   *
2024-07-09 12:35:46.891 -03:00 [INF] ****************************************
2024-07-09 12:35:47.008 -03:00 [INF] User profile is available. Using 'C:\Users\User\AppData\Local\ASP.NET\DataProtection-Keys' as key repository and Windows DPAPI to encrypt keys at rest.
2024-07-09 12:35:47.051 -03:00 [INF] Application started. Press Ctrl+C to shut down.
2024-07-09 12:35:47.052 -03:00 [INF] Hosting environment: Development
2024-07-09 12:35:47.052 -03:00 [INF] Content root path: C:\Users\User\OneDrive\Desktop\SmallTalks\Smalltalks
2024-07-09 12:35:47.087 -03:00 [INF] Request starting HTTP/2 GET https://localhost:44392/swagger - null null
2024-07-09 12:35:47.654 -03:00 [INF] ApiKeyScheme was not authenticated. Failure message: API key is missing
2024-07-09 12:35:47.667 -03:00 [INF] Request starting HTTP/2 GET https://localhost:44392/swagger/index.html - null null
2024-07-09 12:35:47.668 -03:00 [INF] Request finished HTTP/2 GET https://localhost:44392/swagger - 301 null null 582.1126ms
2024-07-09 12:35:47.669 -03:00 [INF] ApiKeyScheme was not authenticated. Failure message: API key is missing
2024-07-09 12:35:47.705 -03:00 [INF] Request finished HTTP/2 GET https://localhost:44392/swagger/index.html - 200 null text/html;charset=utf-8 37.8238ms
2024-07-09 12:35:47.709 -03:00 [INF] Request starting HTTP/2 GET https://localhost:44392/swagger/swagger-ui-bundle.js - null null
2024-07-09 12:35:47.709 -03:00 [INF] Request starting HTTP/2 GET https://localhost:44392/swagger/swagger-ui.css - null null
2024-07-09 12:35:47.709 -03:00 [INF] Request starting HTTP/2 GET https://localhost:44392/swagger/swagger-ui-standalone-preset.js - null null
2024-07-09 12:35:47.709 -03:00 [INF] Request starting HTTP/2 GET https://localhost:44392/_framework/aspnetcore-browser-refresh.js - null null
2024-07-09 12:35:47.710 -03:00 [INF] ApiKeyScheme was not authenticated. Failure message: API key is missing
2024-07-09 12:35:47.710 -03:00 [INF] ApiKeyScheme was not authenticated. Failure message: API key is missing
2024-07-09 12:35:47.710 -03:00 [INF] ApiKeyScheme was not authenticated. Failure message: API key is missing
2024-07-09 12:35:47.711 -03:00 [INF] Request finished HTTP/2 GET https://localhost:44392/_framework/aspnetcore-browser-refresh.js - 200 13756 application/javascript; charset=utf-8 1.4874ms
2024-07-09 12:35:47.716 -03:00 [INF] Sending file. Request path: '/swagger-ui.css'. Physical path: 'N/A'
2024-07-09 12:35:47.716 -03:00 [INF] Sending file. Request path: '/swagger-ui-standalone-preset.js'. Physical path: 'N/A'
2024-07-09 12:35:47.716 -03:00 [INF] Request finished HTTP/2 GET https://localhost:44392/swagger/swagger-ui.css - 200 144929 text/css 7.6238ms
2024-07-09 12:35:47.718 -03:00 [INF] Request starting HTTP/2 GET https://localhost:44392/_vs/browserLink - null null
2024-07-09 12:35:47.719 -03:00 [INF] Sending file. Request path: '/swagger-ui-bundle.js'. Physical path: 'N/A'
2024-07-09 12:35:47.720 -03:00 [INF] Request finished HTTP/2 GET https://localhost:44392/swagger/swagger-ui-standalone-preset.js - 200 312163 text/javascript 10.617ms
2024-07-09 12:35:47.731 -03:00 [INF] Request finished HTTP/2 GET https://localhost:44392/swagger/swagger-ui-bundle.js - 200 1061536 text/javascript 22.5708ms
2024-07-09 12:35:47.976 -03:00 [INF] Request finished HTTP/2 GET https://localhost:44392/_vs/browserLink - 200 null text/javascript; charset=UTF-8 257.9833ms
2024-07-09 12:35:48.004 -03:00 [INF] Request starting HTTP/2 GET https://localhost:44392/swagger/v1/swagger.json - null null
2024-07-09 12:35:48.004 -03:00 [INF] ApiKeyScheme was not authenticated. Failure message: API key is missing
2024-07-09 12:35:48.018 -03:00 [INF] Request starting HTTP/2 GET https://localhost:44392/swagger/favicon-32x32.png - null null
2024-07-09 12:35:48.018 -03:00 [INF] ApiKeyScheme was not authenticated. Failure message: API key is missing
2024-07-09 12:35:48.018 -03:00 [INF] Sending file. Request path: '/favicon-32x32.png'. Physical path: 'N/A'
2024-07-09 12:35:48.018 -03:00 [INF] Request finished HTTP/2 GET https://localhost:44392/swagger/favicon-32x32.png - 200 628 image/png 0.8338ms
2024-07-09 12:35:48.055 -03:00 [INF] Request finished HTTP/2 GET https://localhost:44392/swagger/v1/swagger.json - 200 null application/json;charset=utf-8 51.1556ms
2024-07-09 12:36:07.587 -03:00 [INF] Request starting HTTP/2 GET https://localhost:44392/api/Salutation - null null
2024-07-09 12:36:07.591 -03:00 [INF] Handling request: GET /api/Salutation
2024-07-09 12:36:07.592 -03:00 [INF] Executing endpoint 'Smalltalks.Controllers.SalutationController.GetAll (Smalltalks)'
2024-07-09 12:36:07.600 -03:00 [INF] Route matched with {action = "GetAll", controller = "Salutation"}. Executing controller action with signature System.Threading.Tasks.Task`1[Microsoft.AspNetCore.Mvc.ActionResult`1[System.Collections.Generic.List`1[Smalltalks.Models.SalutationModel]]] GetAll() on controller Smalltalks.Controllers.SalutationController (Smalltalks).
2024-07-09 12:36:07.710 -03:00 [WRN] 'AddEntityFramework*' was called on the service provider, but 'UseInternalServiceProvider' wasn't called in the DbContext options configuration. Consider removing the 'AddEntityFramework*' call, as in most cases it's not needed and may cause conflicts with other products and services registered in the same service provider.
2024-07-09 12:36:08.409 -03:00 [INF] Executed DbCommand (38ms) [Parameters=[], CommandType='"Text"', CommandTimeout='30']
SELECT s."Id", s."Name"
FROM "Salutations" AS s
2024-07-09 12:36:08.449 -03:00 [INF] Executing OkObjectResult, writing value of type 'System.Collections.Generic.List`1[[Smalltalks.Models.SalutationModel, Smalltalks, Version=1.0.0.0, Culture=neutral, PublicKeyToken=null]]'.
2024-07-09 12:36:08.454 -03:00 [INF] Executed action Smalltalks.Controllers.SalutationController.GetAll (Smalltalks) in 852.5641ms
2024-07-09 12:36:08.454 -03:00 [INF] Executed endpoint 'Smalltalks.Controllers.SalutationController.GetAll (Smalltalks)'
2024-07-09 12:36:08.455 -03:00 [INF] Finished handling request.
2024-07-09 12:36:08.458 -03:00 [INF] Request finished HTTP/2 GET https://localhost:44392/api/Salutation - 200 null application/json; charset=utf-8 871.5194ms
2024-07-09 12:36:37.812 -03:00 [INF] Request starting HTTP/2 POST https://localhost:44392/api/Verification/Boa noite - null 0
2024-07-09 12:36:37.813 -03:00 [INF] Handling request: POST /api/Verification/Boa%20noite
2024-07-09 12:36:37.813 -03:00 [INF] No CORS policy found for the specified request.
2024-07-09 12:36:37.813 -03:00 [INF] Executing endpoint 'Smalltalks.Controllers.VerificationController.VerificationSmallTalks (Smalltalks)'
2024-07-09 12:36:37.818 -03:00 [INF] Route matched with {action = "VerificationSmallTalks", controller = "Verification"}. Executing controller action with signature System.Threading.Tasks.Task`1[Microsoft.AspNetCore.Mvc.ActionResult`1[System.String]] VerificationSmallTalks(System.String) on controller Smalltalks.Controllers.VerificationController (Smalltalks).
2024-07-09 12:36:37.867 -03:00 [INF] Executed DbCommand (30ms) [Parameters=[], CommandType='"Text"', CommandTimeout='30']
SELECT s."Id", s."Name"
FROM "Swearings" AS s
2024-07-09 12:36:37.897 -03:00 [INF] Executed DbCommand (26ms) [Parameters=[], CommandType='"Text"', CommandTimeout='30']
SELECT s."Id", s."Name"
FROM "Salutations" AS s
2024-07-09 12:36:37.927 -03:00 [INF] Executed DbCommand (28ms) [Parameters=[], CommandType='"Text"', CommandTimeout='30']
SELECT t."Id", t."Name"
FROM "ToThanks" AS t
2024-07-09 12:36:37.931 -03:00 [INF] Executing OkObjectResult, writing value of type 'System.String'.
2024-07-09 12:36:37.931 -03:00 [INF] Executed action Smalltalks.Controllers.VerificationController.VerificationSmallTalks (Smalltalks) in 112.6478ms
2024-07-09 12:36:37.931 -03:00 [INF] Executed endpoint 'Smalltalks.Controllers.VerificationController.VerificationSmallTalks (Smalltalks)'
2024-07-09 12:36:37.931 -03:00 [INF] Finished handling request.
2024-07-09 12:36:37.931 -03:00 [INF] Request finished HTTP/2 POST https://localhost:44392/api/Verification/Boa noite - 200 null text/plain; charset=utf-8 119.506ms
2024-07-09 13:25:00.887 -03:00 [WRN] 'AddEntityFramework*' was called on the service provider, but 'UseInternalServiceProvider' wasn't called in the DbContext options configuration. Consider removing the 'AddEntityFramework*' call, as in most cases it's not needed and may cause conflicts with other products and services registered in the same service provider.
2024-07-09 13:25:03.380 -03:00 [INF] Executed DbCommand (55ms) [Parameters=[], CommandType='"Text"', CommandTimeout='30']
SELECT EXISTS (
    SELECT 1 FROM pg_catalog.pg_class c
    JOIN pg_catalog.pg_namespace n ON n.oid=c.relnamespace
    WHERE n.nspname='public' AND
          c.relname='__EFMigrationsHistory'
)
2024-07-09 13:25:03.426 -03:00 [INF] Executed DbCommand (37ms) [Parameters=[], CommandType='"Text"', CommandTimeout='30']
SELECT "MigrationId", "ProductVersion"
FROM "__EFMigrationsHistory"
ORDER BY "MigrationId";
2024-07-09 13:25:03.690 -03:00 [INF] Executed DbCommand (56ms) [Parameters=[], CommandType='"Text"', CommandTimeout='30']
SELECT EXISTS (
    SELECT 1 FROM pg_catalog.pg_class c
    JOIN pg_catalog.pg_namespace n ON n.oid=c.relnamespace
    WHERE n.nspname='public' AND
          c.relname='__EFMigrationsHistory'
)
2024-07-09 13:25:03.952 -03:00 [INF] Executed DbCommand (40ms) [Parameters=[], CommandType='"Text"', CommandTimeout='30']
SELECT EXISTS (
    SELECT 1 FROM pg_catalog.pg_class c
    JOIN pg_catalog.pg_namespace n ON n.oid=c.relnamespace
    WHERE n.nspname='public' AND
          c.relname='__EFMigrationsHistory'
)
2024-07-09 13:25:04.013 -03:00 [INF] Executed DbCommand (61ms) [Parameters=[], CommandType='"Text"', CommandTimeout='30']
SELECT "MigrationId", "ProductVersion"
FROM "__EFMigrationsHistory"
ORDER BY "MigrationId";
2024-07-09 13:25:04.021 -03:00 [INF] No migrations were applied. The database is already up to date.
2024-07-09 13:25:36.858 -03:00 [INF] ****************************************
2024-07-09 13:25:36.884 -03:00 [INF] *    Aplicação iniciada com sucesso!   *
2024-07-09 13:25:36.884 -03:00 [INF] ****************************************
2024-07-09 13:25:36.927 -03:00 [INF] User profile is available. Using 'C:\Users\User\AppData\Local\ASP.NET\DataProtection-Keys' as key repository and Windows DPAPI to encrypt keys at rest.
2024-07-09 13:25:36.962 -03:00 [INF] Application started. Press Ctrl+C to shut down.
2024-07-09 13:25:36.963 -03:00 [INF] Hosting environment: Development
2024-07-09 13:25:36.963 -03:00 [INF] Content root path: C:\Users\User\OneDrive\Desktop\SmallTalks\Smalltalks
2024-07-09 13:25:36.970 -03:00 [INF] Request starting HTTP/2 GET https://localhost:44392/swagger/index.html - null null
2024-07-09 13:25:37.011 -03:00 [INF] ApiKeyScheme was not authenticated. Failure message: API key is missing
2024-07-09 13:25:37.056 -03:00 [INF] Request finished HTTP/2 GET https://localhost:44392/swagger/index.html - 200 null text/html;charset=utf-8 85.8961ms
2024-07-09 13:25:37.058 -03:00 [INF] Request starting HTTP/2 GET https://localhost:44392/_framework/aspnetcore-browser-refresh.js - null null
2024-07-09 13:25:37.059 -03:00 [INF] Request starting HTTP/2 GET https://localhost:44392/_vs/browserLink - null null
2024-07-09 13:25:37.060 -03:00 [INF] Request finished HTTP/2 GET https://localhost:44392/_framework/aspnetcore-browser-refresh.js - 200 13756 application/javascript; charset=utf-8 1.6778ms
2024-07-09 13:25:37.075 -03:00 [INF] Request finished HTTP/2 GET https://localhost:44392/_vs/browserLink - 200 null text/javascript; charset=UTF-8 16.1091ms
2024-07-09 13:25:37.177 -03:00 [INF] Request starting HTTP/2 GET https://localhost:44392/swagger/v1/swagger.json - null null
2024-07-09 13:25:37.178 -03:00 [INF] ApiKeyScheme was not authenticated. Failure message: API key is missing
2024-07-09 13:25:37.226 -03:00 [INF] Request finished HTTP/2 GET https://localhost:44392/swagger/v1/swagger.json - 200 null application/json;charset=utf-8 49.4535ms
2024-07-09 13:25:49.776 -03:00 [INF] Request starting HTTP/2 GET https://localhost:44392/api/Salutation - null null
2024-07-09 13:25:49.781 -03:00 [INF] Handling request: GET /api/Salutation
2024-07-09 13:25:49.782 -03:00 [INF] Executing endpoint 'Smalltalks.Controllers.SalutationController.GetAll (Smalltalks)'
2024-07-09 13:25:49.789 -03:00 [INF] Route matched with {action = "GetAll", controller = "Salutation"}. Executing controller action with signature System.Threading.Tasks.Task`1[Microsoft.AspNetCore.Mvc.ActionResult`1[System.Collections.Generic.List`1[Smalltalks.Models.SalutationModel]]] GetAll() on controller Smalltalks.Controllers.SalutationController (Smalltalks).
2024-07-09 13:25:49.819 -03:00 [WRN] 'AddEntityFramework*' was called on the service provider, but 'UseInternalServiceProvider' wasn't called in the DbContext options configuration. Consider removing the 'AddEntityFramework*' call, as in most cases it's not needed and may cause conflicts with other products and services registered in the same service provider.
2024-07-09 13:25:50.479 -03:00 [INF] Executed DbCommand (45ms) [Parameters=[], CommandType='"Text"', CommandTimeout='30']
SELECT s."Id", s."Name"
FROM "Salutations" AS s
2024-07-09 13:25:50.519 -03:00 [INF] Executing OkObjectResult, writing value of type 'System.Collections.Generic.List`1[[Smalltalks.Models.SalutationModel, Smalltalks, Version=1.0.0.0, Culture=neutral, PublicKeyToken=null]]'.
2024-07-09 13:25:50.524 -03:00 [INF] Executed action Smalltalks.Controllers.SalutationController.GetAll (Smalltalks) in 733.4979ms
2024-07-09 13:25:50.524 -03:00 [INF] Executed endpoint 'Smalltalks.Controllers.SalutationController.GetAll (Smalltalks)'
2024-07-09 13:25:50.525 -03:00 [INF] Finished handling request.
2024-07-09 13:25:50.528 -03:00 [INF] Request finished HTTP/2 GET https://localhost:44392/api/Salutation - 200 null application/json; charset=utf-8 752.3795ms
2024-07-09 13:28:02.563 -03:00 [WRN] 'AddEntityFramework*' was called on the service provider, but 'UseInternalServiceProvider' wasn't called in the DbContext options configuration. Consider removing the 'AddEntityFramework*' call, as in most cases it's not needed and may cause conflicts with other products and services registered in the same service provider.
2024-07-09 13:28:05.730 -03:00 [INF] ****************************************
2024-07-09 13:28:05.756 -03:00 [INF] *    Aplicação iniciada com sucesso!   *
2024-07-09 13:28:05.756 -03:00 [INF] ****************************************
2024-07-09 13:28:05.803 -03:00 [INF] User profile is available. Using 'C:\Users\User\AppData\Local\ASP.NET\DataProtection-Keys' as key repository and Windows DPAPI to encrypt keys at rest.
2024-07-09 13:28:05.837 -03:00 [INF] Application started. Press Ctrl+C to shut down.
2024-07-09 13:28:05.837 -03:00 [INF] Hosting environment: Development
2024-07-09 13:28:05.837 -03:00 [INF] Content root path: C:\Users\User\OneDrive\Desktop\SmallTalks\Smalltalks
2024-07-09 13:28:05.845 -03:00 [INF] Request starting HTTP/2 GET https://localhost:44392/swagger/index.html - null null
2024-07-09 13:28:05.845 -03:00 [INF] Request starting HTTP/2 GET https://localhost:44392/swagger/index.html - null null
2024-07-09 13:28:05.888 -03:00 [INF] ApiKeyScheme was not authenticated. Failure message: API key is missing
2024-07-09 13:28:05.888 -03:00 [INF] ApiKeyScheme was not authenticated. Failure message: API key is missing
2024-07-09 13:28:05.934 -03:00 [INF] Request starting HTTP/2 GET https://localhost:44392/_framework/aspnetcore-browser-refresh.js - null null
2024-07-09 13:28:05.934 -03:00 [INF] Request starting HTTP/2 GET https://localhost:44392/_vs/browserLink - null null
2024-07-09 13:28:05.934 -03:00 [INF] Request finished HTTP/2 GET https://localhost:44392/swagger/index.html - 200 null text/html;charset=utf-8 88.641ms
2024-07-09 13:28:05.934 -03:00 [INF] Request finished HTTP/2 GET https://localhost:44392/swagger/index.html - 200 null text/html;charset=utf-8 88.6406ms
2024-07-09 13:28:05.936 -03:00 [INF] Request finished HTTP/2 GET https://localhost:44392/_framework/aspnetcore-browser-refresh.js - 200 13756 application/javascript; charset=utf-8 1.3575ms
2024-07-09 13:28:05.949 -03:00 [INF] Request finished HTTP/2 GET https://localhost:44392/_vs/browserLink - 200 null text/javascript; charset=UTF-8 14.381ms
2024-07-09 13:28:06.005 -03:00 [INF] Request starting HTTP/2 GET https://localhost:44392/swagger/v1/swagger.json - null null
2024-07-09 13:28:06.007 -03:00 [INF] ApiKeyScheme was not authenticated. Failure message: API key is missing
2024-07-09 13:28:06.052 -03:00 [INF] Request finished HTTP/2 GET https://localhost:44392/swagger/v1/swagger.json - 200 null application/json;charset=utf-8 47.2231ms
2024-07-09 13:28:39.146 -03:00 [WRN] 'AddEntityFramework*' was called on the service provider, but 'UseInternalServiceProvider' wasn't called in the DbContext options configuration. Consider removing the 'AddEntityFramework*' call, as in most cases it's not needed and may cause conflicts with other products and services registered in the same service provider.
2024-07-09 13:28:40.130 -03:00 [INF] Executed DbCommand (51ms) [Parameters=[], CommandType='"Text"', CommandTimeout='30']
SELECT EXISTS (
    SELECT 1 FROM pg_catalog.pg_class c
    JOIN pg_catalog.pg_namespace n ON n.oid=c.relnamespace
    WHERE n.nspname='public' AND
          c.relname='__EFMigrationsHistory'
)
2024-07-09 13:28:40.172 -03:00 [INF] Executed DbCommand (33ms) [Parameters=[], CommandType='"Text"', CommandTimeout='30']
SELECT "MigrationId", "ProductVersion"
FROM "__EFMigrationsHistory"
ORDER BY "MigrationId";
2024-07-09 13:28:40.397 -03:00 [INF] Executed DbCommand (39ms) [Parameters=[], CommandType='"Text"', CommandTimeout='30']
SELECT EXISTS (
    SELECT 1 FROM pg_catalog.pg_class c
    JOIN pg_catalog.pg_namespace n ON n.oid=c.relnamespace
    WHERE n.nspname='public' AND
          c.relname='__EFMigrationsHistory'
)
2024-07-09 13:28:40.605 -03:00 [INF] Executed DbCommand (28ms) [Parameters=[], CommandType='"Text"', CommandTimeout='30']
SELECT EXISTS (
    SELECT 1 FROM pg_catalog.pg_class c
    JOIN pg_catalog.pg_namespace n ON n.oid=c.relnamespace
    WHERE n.nspname='public' AND
          c.relname='__EFMigrationsHistory'
)
2024-07-09 13:28:40.633 -03:00 [INF] Executed DbCommand (27ms) [Parameters=[], CommandType='"Text"', CommandTimeout='30']
SELECT "MigrationId", "ProductVersion"
FROM "__EFMigrationsHistory"
ORDER BY "MigrationId";
2024-07-09 13:28:40.642 -03:00 [INF] Applying migration '20240709162803_FinalDB'.
2024-07-09 13:28:40.696 -03:00 [INF] Executed DbCommand (36ms) [Parameters=[], CommandType='"Text"', CommandTimeout='30']
INSERT INTO "Salutations" ("Id", "Name")
VALUES (4, 'Oi');
INSERT INTO "Salutations" ("Id", "Name")
VALUES (5, 'Tudo bem?');
INSERT INTO "Salutations" ("Id", "Name")
VALUES (6, 'Olá');
INSERT INTO "Salutations" ("Id", "Name")
VALUES (7, 'Como vai?');
INSERT INTO "Salutations" ("Id", "Name")
VALUES (8, 'E ai');
INSERT INTO "Salutations" ("Id", "Name")
VALUES (9, 'Beleza?');
INSERT INTO "Salutations" ("Id", "Name")
VALUES (10, 'Bom dia!');
INSERT INTO "Salutations" ("Id", "Name")
VALUES (11, 'Boa tarde!');
INSERT INTO "Salutations" ("Id", "Name")
VALUES (12, 'Boa noite!');
INSERT INTO "Salutations" ("Id", "Name")
VALUES (13, 'Como você está?');
INSERT INTO "Salutations" ("Id", "Name")
VALUES (14, 'Como você está se sentindo hoje?');
INSERT INTO "Salutations" ("Id", "Name")
VALUES (15, 'Tudo em ordem?');
INSERT INTO "Salutations" ("Id", "Name")
VALUES (16, 'Que tal');
INSERT INTO "Salutations" ("Id", "Name")
VALUES (17, 'Como estão as coisas?');
INSERT INTO "Salutations" ("Id", "Name")
VALUES (18, 'Beleza pura?');
INSERT INTO "Salutations" ("Id", "Name")
VALUES (19, 'Bom te ver!');
INSERT INTO "Salutations" ("Id", "Name")
VALUES (20, 'Como tem passado?');
INSERT INTO "Salutations" ("Id", "Name")
VALUES (21, 'De boa?');
INSERT INTO "Salutations" ("Id", "Name")
VALUES (22, 'Que prazer te encontrar!');
INSERT INTO "Salutations" ("Id", "Name")
VALUES (23, 'Tudo joia?');
2024-07-09 13:28:40.746 -03:00 [INF] Executed DbCommand (50ms) [Parameters=[], CommandType='"Text"', CommandTimeout='30']
INSERT INTO "Swearings" ("Id", "Name")
VALUES (4, 'É foda');
INSERT INTO "Swearings" ("Id", "Name")
VALUES (5, 'E ai');
INSERT INTO "Swearings" ("Id", "Name")
VALUES (6, 'Homossexual');
INSERT INTO "Swearings" ("Id", "Name")
VALUES (7, 'Gay');
INSERT INTO "Swearings" ("Id", "Name")
VALUES (8, 'Caralho');
INSERT INTO "Swearings" ("Id", "Name")
VALUES (9, 'Que merda');
INSERT INTO "Swearings" ("Id", "Name")
VALUES (11, 'Porra');
INSERT INTO "Swearings" ("Id", "Name")
VALUES (12, 'Tudo em ordem?');
INSERT INTO "Swearings" ("Id", "Name")
VALUES (13, 'Filho da puta');
INSERT INTO "Swearings" ("Id", "Name")
VALUES (14, 'Vai tomar no cu');
INSERT INTO "Swearings" ("Id", "Name")
VALUES (15, 'Tomar no cu');
INSERT INTO "Swearings" ("Id", "Name")
VALUES (16, 'Viado');
INSERT INTO "Swearings" ("Id", "Name")
VALUES (17, 'Boceta');
INSERT INTO "Swearings" ("Id", "Name")
VALUES (18, 'Macaco');
INSERT INTO "Swearings" ("Id", "Name")
VALUES (20, 'Macaca');
INSERT INTO "Swearings" ("Id", "Name")
VALUES (21, 'Pau');
INSERT INTO "Swearings" ("Id", "Name")
VALUES (22, 'Pau no cu');
INSERT INTO "Swearings" ("Id", "Name")
VALUES (23, 'Piroca');
INSERT INTO "Swearings" ("Id", "Name")
VALUES (24, 'Corno');
INSERT INTO "Swearings" ("Id", "Name")
VALUES (25, 'Corna');
INSERT INTO "Swearings" ("Id", "Name")
VALUES (26, 'Vagabunda');
INSERT INTO "Swearings" ("Id", "Name")
VALUES (27, 'Vagabundo');
INSERT INTO "Swearings" ("Id", "Name")
VALUES (28, 'Toma no cu');
INSERT INTO "Swearings" ("Id", "Name")
VALUES (29, 'Filha da puta');
INSERT INTO "Swearings" ("Id", "Name")
VALUES (30, 'Foda');
2024-07-09 13:28:40.784 -03:00 [INF] Executed DbCommand (37ms) [Parameters=[], CommandType='"Text"', CommandTimeout='30']
INSERT INTO "ToThanks" ("Id", "Name")
VALUES (4, 'Obrigado');
INSERT INTO "ToThanks" ("Id", "Name")
VALUES (5, 'Grato');
INSERT INTO "ToThanks" ("Id", "Name")
VALUES (6, 'Agradeço');
INSERT INTO "ToThanks" ("Id", "Name")
VALUES (7, 'Valeu');
INSERT INTO "ToThanks" ("Id", "Name")
VALUES (8, 'Muito obrigado');
INSERT INTO "ToThanks" ("Id", "Name")
VALUES (9, 'Obrigadão');
INSERT INTO "ToThanks" ("Id", "Name")
VALUES (10, 'Obrigadíssimo');
INSERT INTO "ToThanks" ("Id", "Name")
VALUES (11, 'Agradecimento');
INSERT INTO "ToThanks" ("Id", "Name")
VALUES (13, 'Gratidão');
INSERT INTO "ToThanks" ("Id", "Name")
VALUES (14, 'Obrigadinho');
INSERT INTO "ToThanks" ("Id", "Name")
VALUES (15, 'Muito obrigada');
INSERT INTO "ToThanks" ("Id", "Name")
VALUES (16, 'Agradecendo');
INSERT INTO "ToThanks" ("Id", "Name")
VALUES (17, 'Agradecidamente');
INSERT INTO "ToThanks" ("Id", "Name")
VALUES (18, 'Agradeço muito');
INSERT INTO "ToThanks" ("Id", "Name")
VALUES (19, 'Fico grato');
INSERT INTO "ToThanks" ("Id", "Name")
VALUES (20, 'Agradecemos');
INSERT INTO "ToThanks" ("Id", "Name")
VALUES (21, 'Muito agradecido');
INSERT INTO "ToThanks" ("Id", "Name")
VALUES (22, 'Obrigada');
INSERT INTO "ToThanks" ("Id", "Name")
VALUES (23, 'Agradecida');
INSERT INTO "ToThanks" ("Id", "Name")
VALUES (24, 'Grata');
INSERT INTO "ToThanks" ("Id", "Name")
VALUES (25, 'Obrigadona');
INSERT INTO "ToThanks" ("Id", "Name")
VALUES (26, 'Fico grata');
INSERT INTO "ToThanks" ("Id", "Name")
VALUES (27, 'Muito agradecida');
2024-07-09 13:28:40.817 -03:00 [INF] Executed DbCommand (33ms) [Parameters=[], CommandType='"Text"', CommandTimeout='30']
SELECT setval(
    pg_get_serial_sequence('"Salutations"', 'Id'),
    GREATEST(
        (SELECT MAX("Id") FROM "Salutations") + 1,
        nextval(pg_get_serial_sequence('"Salutations"', 'Id'))),
    false);
SELECT setval(
    pg_get_serial_sequence('"Swearings"', 'Id'),
    GREATEST(
        (SELECT MAX("Id") FROM "Swearings") + 1,
        nextval(pg_get_serial_sequence('"Swearings"', 'Id'))),
    false);
SELECT setval(
    pg_get_serial_sequence('"ToThanks"', 'Id'),
    GREATEST(
        (SELECT MAX("Id") FROM "ToThanks") + 1,
        nextval(pg_get_serial_sequence('"ToThanks"', 'Id'))),
    false);
2024-07-09 13:28:40.845 -03:00 [INF] Executed DbCommand (28ms) [Parameters=[], CommandType='"Text"', CommandTimeout='30']
INSERT INTO "__EFMigrationsHistory" ("MigrationId", "ProductVersion")
VALUES ('20240709162803_FinalDB', '8.0.4');
